<?xml version="1.0" encoding="UTF-8"?>
<testng-results ignored="0" total="1" passed="1" failed="0" skipped="0">
  <reporter-output>
  </reporter-output>
  <suite started-at="2025-05-20T20:59:50 IST" name="Default suite" finished-at="2025-05-20T21:00:06 IST" duration-ms="15873">
    <groups>
    </groups>
    <test started-at="2025-05-20T20:59:50 IST" name="Default test" finished-at="2025-05-20T21:00:06 IST" duration-ms="15873">
      <class name="testscript.Fileupload">
        <test-method is-config="true" signature="initializeBrowser()[pri:0, instance:testscript.Fileupload@74fe5c40]" started-at="2025-05-20T20:59:50 IST" name="initializeBrowser" finished-at="2025-05-20T20:59:56 IST" duration-ms="6041" status="PASS">
          <reporter-output>
          </reporter-output>
        </test-method> <!-- initializeBrowser -->
        <test-method signature="fileUploadUsingSendKeys()[pri:0, instance:testscript.Fileupload@74fe5c40]" started-at="2025-05-20T20:59:56 IST" name="fileUploadUsingSendKeys" finished-at="2025-05-20T21:00:06 IST" duration-ms="9758" status="PASS">
          <reporter-output>
          </reporter-output>
        </test-method> <!-- fileUploadUsingSendKeys -->
      </class> <!-- testscript.Fileupload -->
    </test> <!-- Default test -->
  </suite> <!-- Default suite -->
</testng-results>
