<?xml version="1.0" encoding="UTF-8"?>
<!-- Generated by org.testng.reporters.JUnitXMLReporter -->
<testsuite ignored="1" hostname="DESKTOP-AMAV84R" failures="0" tests="1" name="Default test" time="15.873" errors="0" timestamp="2025-05-20T21:00:06 IST">
  <testcase classname="testscript.Fileupload" name="fileUploadUsingSendKeys" time="9.758"/>
  <testcase classname="testscript.Fileupload" name="fileUploadUsingRobotClass" time="0.0">
    <ignored/>
  </testcase> <!-- fileUploadUsingRobotClass -->
</testsuite> <!-- Default test -->
